Warning[205] C:\USERS\LENOVO\DESKTOP\PIC16F877-ASM-PRUEBAS\DOS DISPLAY PARA PRACTICAR.ASM 4 : Found directive in column 1. (LIST)
Warning[215] C:\USERS\LENOVO\DESKTOP\PIC16F877-ASM-PRUEBAS\DOS DISPLAY PARA PRACTICAR.ASM 4 : Processor superseded by command line.  Verify processor symbol.
Warning[205] C:\USERS\LENOVO\DESKTOP\PIC16F877-ASM-PRUEBAS\DOS DISPLAY PARA PRACTICAR.ASM 5 : Found directive in column 1. (INCLUDE)
Message[301] C:\PROGRAM FILES (X86)\MICROCHIP\MPASM SUITE\P16F877.INC 33 : MESSAGE: (Processor-header file mismatch.  Verify selected processor.)
Warning[205] C:\USERS\LENOVO\DESKTOP\PIC16F877-ASM-PRUEBAS\DOS DISPLAY PARA PRACTICAR.ASM 7 : Found directive in column 1. (ORG)
Warning[203] C:\USERS\LENOVO\DESKTOP\PIC16F877-ASM-PRUEBAS\DOS DISPLAY PARA PRACTICAR.ASM 14 : Found opcode in column 1. (CLRF)
Warning[203] C:\USERS\LENOVO\DESKTOP\PIC16F877-ASM-PRUEBAS\DOS DISPLAY PARA PRACTICAR.ASM 15 : Found opcode in column 1. (CLRF)
Warning[203] C:\USERS\LENOVO\DESKTOP\PIC16F877-ASM-PRUEBAS\DOS DISPLAY PARA PRACTICAR.ASM 16 : Found opcode in column 1. (CLRF)
Warning[203] C:\USERS\LENOVO\DESKTOP\PIC16F877-ASM-PRUEBAS\DOS DISPLAY PARA PRACTICAR.ASM 18 : Found opcode in column 1. (BSF)
Warning[203] C:\USERS\LENOVO\DESKTOP\PIC16F877-ASM-PRUEBAS\DOS DISPLAY PARA PRACTICAR.ASM 22 : Found opcode in column 1. (MOVLW)
Warning[203] C:\USERS\LENOVO\DESKTOP\PIC16F877-ASM-PRUEBAS\DOS DISPLAY PARA PRACTICAR.ASM 23 : Found opcode in column 1. (MOVWF)
Message[302] C:\USERS\LENOVO\DESKTOP\PIC16F877-ASM-PRUEBAS\DOS DISPLAY PARA PRACTICAR.ASM 23 : Register in operand not in bank 0.  Ensure that bank bits are correct.
Warning[203] C:\USERS\LENOVO\DESKTOP\PIC16F877-ASM-PRUEBAS\DOS DISPLAY PARA PRACTICAR.ASM 24 : Found opcode in column 1. (MOVLW)
Warning[203] C:\USERS\LENOVO\DESKTOP\PIC16F877-ASM-PRUEBAS\DOS DISPLAY PARA PRACTICAR.ASM 25 : Found opcode in column 1. (MOVWF)
Message[302] C:\USERS\LENOVO\DESKTOP\PIC16F877-ASM-PRUEBAS\DOS DISPLAY PARA PRACTICAR.ASM 25 : Register in operand not in bank 0.  Ensure that bank bits are correct.
Warning[203] C:\USERS\LENOVO\DESKTOP\PIC16F877-ASM-PRUEBAS\DOS DISPLAY PARA PRACTICAR.ASM 26 : Found opcode in column 1. (MOVLW)
Warning[203] C:\USERS\LENOVO\DESKTOP\PIC16F877-ASM-PRUEBAS\DOS DISPLAY PARA PRACTICAR.ASM 27 : Found opcode in column 1. (MOVWF)
Message[302] C:\USERS\LENOVO\DESKTOP\PIC16F877-ASM-PRUEBAS\DOS DISPLAY PARA PRACTICAR.ASM 27 : Register in operand not in bank 0.  Ensure that bank bits are correct.
Warning[203] C:\USERS\LENOVO\DESKTOP\PIC16F877-ASM-PRUEBAS\DOS DISPLAY PARA PRACTICAR.ASM 29 : Found opcode in column 1. (BCF)
Warning[203] C:\USERS\LENOVO\DESKTOP\PIC16F877-ASM-PRUEBAS\DOS DISPLAY PARA PRACTICAR.ASM 31 : Found opcode in column 1. (BTFSS)
Warning[203] C:\USERS\LENOVO\DESKTOP\PIC16F877-ASM-PRUEBAS\DOS DISPLAY PARA PRACTICAR.ASM 32 : Found opcode in column 1. (GOTO)
Warning[203] C:\USERS\LENOVO\DESKTOP\PIC16F877-ASM-PRUEBAS\DOS DISPLAY PARA PRACTICAR.ASM 33 : Found opcode in column 1. (BTFSC)
Warning[203] C:\USERS\LENOVO\DESKTOP\PIC16F877-ASM-PRUEBAS\DOS DISPLAY PARA PRACTICAR.ASM 34 : Found opcode in column 1. (GOTO)
Warning[203] C:\USERS\LENOVO\DESKTOP\PIC16F877-ASM-PRUEBAS\DOS DISPLAY PARA PRACTICAR.ASM 38 : Found opcode in column 1. (MOVLW)
Warning[203] C:\USERS\LENOVO\DESKTOP\PIC16F877-ASM-PRUEBAS\DOS DISPLAY PARA PRACTICAR.ASM 39 : Found opcode in column 1. (MOVWF)
Warning[203] C:\USERS\LENOVO\DESKTOP\PIC16F877-ASM-PRUEBAS\DOS DISPLAY PARA PRACTICAR.ASM 40 : Found opcode in column 1. (MOVLW)
Warning[203] C:\USERS\LENOVO\DESKTOP\PIC16F877-ASM-PRUEBAS\DOS DISPLAY PARA PRACTICAR.ASM 41 : Found opcode in column 1. (MOVWF)
Warning[203] C:\USERS\LENOVO\DESKTOP\PIC16F877-ASM-PRUEBAS\DOS DISPLAY PARA PRACTICAR.ASM 45 : Found opcode in column 1. (MOVLW)
Warning[203] C:\USERS\LENOVO\DESKTOP\PIC16F877-ASM-PRUEBAS\DOS DISPLAY PARA PRACTICAR.ASM 46 : Found opcode in column 1. (MOVWF)
Warning[203] C:\USERS\LENOVO\DESKTOP\PIC16F877-ASM-PRUEBAS\DOS DISPLAY PARA PRACTICAR.ASM 47 : Found opcode in column 1. (MOVWF)
Warning[203] C:\USERS\LENOVO\DESKTOP\PIC16F877-ASM-PRUEBAS\DOS DISPLAY PARA PRACTICAR.ASM 49 : Found opcode in column 1. (CALL)
Warning[203] C:\USERS\LENOVO\DESKTOP\PIC16F877-ASM-PRUEBAS\DOS DISPLAY PARA PRACTICAR.ASM 56 : Found opcode in column 1. (INCF)
Warning[203] C:\USERS\LENOVO\DESKTOP\PIC16F877-ASM-PRUEBAS\DOS DISPLAY PARA PRACTICAR.ASM 57 : Found opcode in column 1. (MOVF)
Warning[203] C:\USERS\LENOVO\DESKTOP\PIC16F877-ASM-PRUEBAS\DOS DISPLAY PARA PRACTICAR.ASM 58 : Found opcode in column 1. (CALL)
Warning[203] C:\USERS\LENOVO\DESKTOP\PIC16F877-ASM-PRUEBAS\DOS DISPLAY PARA PRACTICAR.ASM 59 : Found opcode in column 1. (MOVWF)
Warning[203] C:\USERS\LENOVO\DESKTOP\PIC16F877-ASM-PRUEBAS\DOS DISPLAY PARA PRACTICAR.ASM 60 : Found opcode in column 1. (CALL)
Warning[203] C:\USERS\LENOVO\DESKTOP\PIC16F877-ASM-PRUEBAS\DOS DISPLAY PARA PRACTICAR.ASM 61 : Found opcode in column 1. (GOTO)
Warning[203] C:\USERS\LENOVO\DESKTOP\PIC16F877-ASM-PRUEBAS\DOS DISPLAY PARA PRACTICAR.ASM 65 : Found opcode in column 1. (CLRF)
Warning[203] C:\USERS\LENOVO\DESKTOP\PIC16F877-ASM-PRUEBAS\DOS DISPLAY PARA PRACTICAR.ASM 66 : Found opcode in column 1. (MOVLW)
Warning[203] C:\USERS\LENOVO\DESKTOP\PIC16F877-ASM-PRUEBAS\DOS DISPLAY PARA PRACTICAR.ASM 67 : Found opcode in column 1. (MOVWF)
Warning[203] C:\USERS\LENOVO\DESKTOP\PIC16F877-ASM-PRUEBAS\DOS DISPLAY PARA PRACTICAR.ASM 68 : Found opcode in column 1. (INCF)
Warning[203] C:\USERS\LENOVO\DESKTOP\PIC16F877-ASM-PRUEBAS\DOS DISPLAY PARA PRACTICAR.ASM 69 : Found opcode in column 1. (MOVF)
Warning[203] C:\USERS\LENOVO\DESKTOP\PIC16F877-ASM-PRUEBAS\DOS DISPLAY PARA PRACTICAR.ASM 70 : Found opcode in column 1. (CALL)
Warning[203] C:\USERS\LENOVO\DESKTOP\PIC16F877-ASM-PRUEBAS\DOS DISPLAY PARA PRACTICAR.ASM 71 : Found opcode in column 1. (MOVWF)
Warning[203] C:\USERS\LENOVO\DESKTOP\PIC16F877-ASM-PRUEBAS\DOS DISPLAY PARA PRACTICAR.ASM 72 : Found opcode in column 1. (CALL)
Warning[203] C:\USERS\LENOVO\DESKTOP\PIC16F877-ASM-PRUEBAS\DOS DISPLAY PARA PRACTICAR.ASM 73 : Found opcode in column 1. (GOTO)
Warning[203] C:\USERS\LENOVO\DESKTOP\PIC16F877-ASM-PRUEBAS\DOS DISPLAY PARA PRACTICAR.ASM 79 : Found opcode in column 1. (ADDWF)
Warning[203] C:\USERS\LENOVO\DESKTOP\PIC16F877-ASM-PRUEBAS\DOS DISPLAY PARA PRACTICAR.ASM 80 : Found opcode in column 1. (RETLW)
Warning[203] C:\USERS\LENOVO\DESKTOP\PIC16F877-ASM-PRUEBAS\DOS DISPLAY PARA PRACTICAR.ASM 81 : Found opcode in column 1. (RETLW)
Warning[203] C:\USERS\LENOVO\DESKTOP\PIC16F877-ASM-PRUEBAS\DOS DISPLAY PARA PRACTICAR.ASM 82 : Found opcode in column 1. (RETLW)
Warning[203] C:\USERS\LENOVO\DESKTOP\PIC16F877-ASM-PRUEBAS\DOS DISPLAY PARA PRACTICAR.ASM 83 : Found opcode in column 1. (RETLW)
Warning[203] C:\USERS\LENOVO\DESKTOP\PIC16F877-ASM-PRUEBAS\DOS DISPLAY PARA PRACTICAR.ASM 84 : Found opcode in column 1. (RETLW)
Warning[203] C:\USERS\LENOVO\DESKTOP\PIC16F877-ASM-PRUEBAS\DOS DISPLAY PARA PRACTICAR.ASM 85 : Found opcode in column 1. (RETLW)
Warning[203] C:\USERS\LENOVO\DESKTOP\PIC16F877-ASM-PRUEBAS\DOS DISPLAY PARA PRACTICAR.ASM 86 : Found opcode in column 1. (RETLW)
Warning[203] C:\USERS\LENOVO\DESKTOP\PIC16F877-ASM-PRUEBAS\DOS DISPLAY PARA PRACTICAR.ASM 87 : Found opcode in column 1. (RETLW)
Warning[203] C:\USERS\LENOVO\DESKTOP\PIC16F877-ASM-PRUEBAS\DOS DISPLAY PARA PRACTICAR.ASM 88 : Found opcode in column 1. (RETLW)
Warning[203] C:\USERS\LENOVO\DESKTOP\PIC16F877-ASM-PRUEBAS\DOS DISPLAY PARA PRACTICAR.ASM 89 : Found opcode in column 1. (RETLW)
Warning[203] C:\USERS\LENOVO\DESKTOP\PIC16F877-ASM-PRUEBAS\DOS DISPLAY PARA PRACTICAR.ASM 90 : Found opcode in column 1. (GOTO)
Warning[203] C:\USERS\LENOVO\DESKTOP\PIC16F877-ASM-PRUEBAS\DOS DISPLAY PARA PRACTICAR.ASM 93 : Found opcode in column 1. (ADDWF)
Warning[203] C:\USERS\LENOVO\DESKTOP\PIC16F877-ASM-PRUEBAS\DOS DISPLAY PARA PRACTICAR.ASM 94 : Found opcode in column 1. (RETLW)
Warning[203] C:\USERS\LENOVO\DESKTOP\PIC16F877-ASM-PRUEBAS\DOS DISPLAY PARA PRACTICAR.ASM 95 : Found opcode in column 1. (RETLW)
Warning[203] C:\USERS\LENOVO\DESKTOP\PIC16F877-ASM-PRUEBAS\DOS DISPLAY PARA PRACTICAR.ASM 96 : Found opcode in column 1. (RETLW)
Warning[203] C:\USERS\LENOVO\DESKTOP\PIC16F877-ASM-PRUEBAS\DOS DISPLAY PARA PRACTICAR.ASM 97 : Found opcode in column 1. (RETLW)
Warning[203] C:\USERS\LENOVO\DESKTOP\PIC16F877-ASM-PRUEBAS\DOS DISPLAY PARA PRACTICAR.ASM 98 : Found opcode in column 1. (RETLW)
Warning[203] C:\USERS\LENOVO\DESKTOP\PIC16F877-ASM-PRUEBAS\DOS DISPLAY PARA PRACTICAR.ASM 99 : Found opcode in column 1. (RETLW)
Warning[203] C:\USERS\LENOVO\DESKTOP\PIC16F877-ASM-PRUEBAS\DOS DISPLAY PARA PRACTICAR.ASM 100 : Found opcode in column 1. (RETLW)
Warning[203] C:\USERS\LENOVO\DESKTOP\PIC16F877-ASM-PRUEBAS\DOS DISPLAY PARA PRACTICAR.ASM 101 : Found opcode in column 1. (RETLW)
Warning[203] C:\USERS\LENOVO\DESKTOP\PIC16F877-ASM-PRUEBAS\DOS DISPLAY PARA PRACTICAR.ASM 102 : Found opcode in column 1. (RETLW)
Warning[203] C:\USERS\LENOVO\DESKTOP\PIC16F877-ASM-PRUEBAS\DOS DISPLAY PARA PRACTICAR.ASM 103 : Found opcode in column 1. (RETLW)
Warning[203] C:\USERS\LENOVO\DESKTOP\PIC16F877-ASM-PRUEBAS\DOS DISPLAY PARA PRACTICAR.ASM 104 : Found opcode in column 1. (GOTO)
Warning[205] C:\USERS\LENOVO\DESKTOP\PIC16F877-ASM-PRUEBAS\DOS DISPLAY PARA PRACTICAR.ASM 136 : Found directive in column 1. (END)
